{"numTotalTestSuites":533,"numPassedTestSuites":526,"numFailedTestSuites":7,"numPendingTestSuites":0,"numTotalTests":1609,"numPassedTests":1578,"numFailedTests":4,"numPendingTests":27,"numTodoTests":0,"snapshot":{"added":0,"failure":false,"filesAdded":0,"filesRemoved":0,"filesRemovedList":[],"filesUnmatched":0,"filesUpdated":0,"matched":0,"total":0,"unchecked":0,"uncheckedKeysByFile":[],"unmatched":0,"updated":0,"didUpdate":false},"startTime":1783478850642,"success":false,"testResults":[{"assertionResults":[{"ancestorTitles":["scope command"],"fullName":"scope command returns a valid scopeId for the current directory","status":"passed","title":"returns a valid scopeId for the current directory","duration":563.5249000000003,"failureMessages":[],"meta":{}},{"ancestorTitles":["scope command"],"fullName":"scope command returns the same scopeId for the same cwd","status":"passed","title":"returns the same scopeId for the same cwd","duration":1172.6468000000004,"failureMessages":[],"meta":{}},{"ancestorTitles":["scope command"],"fullName":"scope command returns different scopeId for different cwds","status":"passed","title":"returns different scopeId for different cwds","duration":5.883100000000013,"failureMessages":[],"meta":{}},{"ancestorTitles":["scope command"],"fullName":"scope command falls back to cwdFallback for a non-existent non-git path","status":"passed","title":"falls back to cwdFallback for a non-existent non-git path","duration":2.327400000000125,"failureMessages":[],"meta":{}},{"ancestorTitles":["stats command"],"fullName":"stats command returns stats for the current scope","status":"passed","title":"returns stats for the current scope","duration":911.9217999999992,"failureMessages":[],"meta":{}},{"ancestorTitles":["stats command"],"fullName":"stats command includes scope strategy info","status":"passed","title":"includes scope strategy info","duration":991.7682999999997,"failureMessages":[],"meta":{}},{"ancestorTitles":["list-compressions command"],"fullName":"list-compressions command returns paginated results for the current scope","status":"passed","title":"returns paginated results for the current scope","duration":1812.9722000000002,"failureMessages":[],"meta":{}},{"ancestorTitles":["list-compressions command"],"fullName":"list-compressions command accepts limit and offset","status":"passed","title":"accepts limit and offset","duration":1766.1124,"failureMessages":[],"meta":{}},{"ancestorTitles":["list-compressions command"],"fullName":"list-compressions command accepts content type filter","status":"passed","title":"accepts content type filter","duration":1212.5771999999997,"failureMessages":[],"meta":{}},{"ancestorTitles":["receipt command"],"fullName":"receipt command returns error for non-existent receipt","status":"passed","title":"returns error for non-existent receipt","duration":8.966800000000148,"failureMessages":[],"meta":{}},{"ancestorTitles":["receipt command"],"fullName":"receipt command returns error for empty receiptId","status":"passed","title":"returns error for empty receiptId","duration":8.565300000000207,"failureMessages":[],"meta":{}},{"ancestorTitles":["compress command"],"fullName":"compress command compresses a build output file","status":"passed","title":"compresses a build output file","duration":1008.6696000000011,"failureMessages":[],"meta":{}},{"ancestorTitles":["compress command"],"fullName":"compress command compresses with explicit --type","status":"passed","title":"compresses with explicit --type","duration":766.8528999999999,"failureMessages":[],"meta":{}},{"ancestorTitles":["compress command"],"fullName":"compress command returns error for missing file","status":"passed","title":"returns error for missing file","duration":0.7309999999997672,"failureMessages":[],"meta":{}},{"ancestorTitles":["compress command"],"fullName":"compress command returns error for empty file","status":"passed","title":"returns error for empty file","duration":3.231499999999869,"failureMessages":[],"meta":{}},{"ancestorTitles":["compress command"],"fullName":"compress command compresses with --no-keep-original","status":"passed","title":"compresses with --no-keep-original","duration":743.5436000000009,"failureMessages":[],"meta":{}},{"ancestorTitles":["retrieve command"],"fullName":"retrieve command retrieves original content after compression","status":"passed","title":"retrieves original content after compression","duration":1436.7302,"failureMessages":[],"meta":{}},{"ancestorTitles":["retrieve command"],"fullName":"retrieve command returns error for non-existent originalRef","status":"passed","title":"returns error for non-existent originalRef","duration":704.9197000000004,"failureMessages":[],"meta":{}},{"ancestorTitles":["retrieve command"],"fullName":"retrieve command returns error for empty originalRef","status":"passed","title":"returns error for empty originalRef","duration":741.3574000000008,"failureMessages":[],"meta":{}},{"ancestorTitles":["retrieve command"],"fullName":"retrieve command supports offset and limit for pagination","status":"passed","title":"supports offset and limit for pagination","duration":1330.0303999999996,"failureMessages":[],"meta":{}},{"ancestorTitles":["retrieve command"],"fullName":"retrieve command uses default limit of 10000 when no limit specified","status":"passed","title":"uses default limit of 10000 when no limit specified","duration":1185.5362999999998,"failureMessages":[],"meta":{}},{"ancestorTitles":["cleanup command"],"fullName":"cleanup command runs cleanup and returns result","status":"passed","title":"runs cleanup and returns result","duration":540.7786999999989,"failureMessages":[],"meta":{}},{"ancestorTitles":["error handling"],"fullName":"error handling scope handles empty cwd gracefully","status":"passed","title":"scope handles empty cwd gracefully","duration":1.5640999999995984,"failureMessages":[],"meta":{}},{"ancestorTitles":["error handling"],"fullName":"error handling list-compressions rejects invalid limit values gracefully","status":"passed","title":"list-compressions rejects invalid limit values gracefully","duration":561.2942000000003,"failureMessages":[],"meta":{}},{"ancestorTitles":["error handling"],"fullName":"error handling receipt handles special characters in ID","status":"passed","title":"receipt handles special characters in ID","duration":4.566800000000512,"failureMessages":[],"meta":{}},{"ancestorTitles":["error handling"],"fullName":"error handling retrieve handles special characters in ref","status":"passed","title":"retrieve handles special characters in ref","duration":571.104800000001,"failureMessages":[],"meta":{}},{"ancestorTitles":["remember command"],"fullName":"remember command creates a project_rule memory via CLI","status":"passed","title":"creates a project_rule memory via CLI","duration":544.2201999999997,"failureMessages":[],"meta":{}},{"ancestorTitles":["remember command"],"fullName":"remember command creates a memory with profile-target static","status":"passed","title":"creates a memory with profile-target static","duration":541.5128999999979,"failureMessages":[],"meta":{}},{"ancestorTitles":["remember command"],"fullName":"remember command creates a memory with profile-target dynamic","status":"passed","title":"creates a memory with profile-target dynamic","duration":544.1027999999969,"failureMessages":[],"meta":{}},{"ancestorTitles":["remember command"],"fullName":"remember command validates required type","status":"passed","title":"validates required type","duration":0.2397000000019034,"failureMessages":[],"meta":{}},{"ancestorTitles":["remember command"],"fullName":"remember command validates profileTarget","status":"passed","title":"validates profileTarget","duration":0.10200000000259024,"failureMessages":[],"meta":{}},{"ancestorTitles":["remember command"],"fullName":"remember command handles tags as comma-separated string","status":"passed","title":"handles tags as comma-separated string","duration":551.2139000000025,"failureMessages":[],"meta":{}},{"ancestorTitles":["recall command"],"fullName":"recall command returns error for empty query","status":"passed","title":"returns error for empty query","duration":0.6948000000011234,"failureMessages":[],"meta":{}},{"ancestorTitles":["recall command"],"fullName":"recall command returns empty results for non-matching query","status":"passed","title":"returns empty results for non-matching query","duration":540.7438999999977,"failureMessages":[],"meta":{}},{"ancestorTitles":["recall command"],"fullName":"recall command recalls a previously saved project rule","status":"passed","title":"recalls a previously saved project rule","duration":1042.548200000001,"failureMessages":[],"meta":{}},{"ancestorTitles":["recall command"],"fullName":"recall command recall returns scored results with rank","status":"passed","title":"recall returns scored results with rank","duration":539.8904999999977,"failureMessages":[],"meta":{}},{"ancestorTitles":["recall command"],"fullName":"recall command recall supports --type filter","status":"passed","title":"recall supports --type filter","duration":1588.9622999999992,"failureMessages":[],"meta":{}},{"ancestorTitles":["recall command"],"fullName":"recall command recall supports --status filter","status":"passed","title":"recall supports --status filter","duration":517.3386000000028,"failureMessages":[],"meta":{}},{"ancestorTitles":["recall command"],"fullName":"recall command recall supports --profile flag","status":"passed","title":"recall supports --profile flag","duration":529.9527999999991,"failureMessages":[],"meta":{}},{"ancestorTitles":["recall command"],"fullName":"recall command validates invalid type in recall","status":"passed","title":"validates invalid type in recall","duration":0.3400999999976193,"failureMessages":[],"meta":{}},{"ancestorTitles":["recall command"],"fullName":"recall command validates invalid status in recall","status":"passed","title":"validates invalid status in recall","duration":0.2651999999980035,"failureMessages":[],"meta":{}},{"ancestorTitles":["list-context command"],"fullName":"list-context command returns paginated memory list for current scope","status":"passed","title":"returns paginated memory list for current scope","duration":543.0154000000002,"failureMessages":[],"meta":{}},{"ancestorTitles":["list-context command"],"fullName":"list-context command supports filtering by type","status":"passed","title":"supports filtering by type","duration":578.6588000000011,"failureMessages":[],"meta":{}},{"ancestorTitles":["list-context command"],"fullName":"list-context command supports filtering by multiple types","status":"passed","title":"supports filtering by multiple types","duration":558.1467000000011,"failureMessages":[],"meta":{}},{"ancestorTitles":["list-context command"],"fullName":"list-context command supports filtering by status","status":"passed","title":"supports filtering by status","duration":559.0138000000006,"failureMessages":[],"meta":{}},{"ancestorTitles":["list-context command"],"fullName":"list-context command supports pagination with limit and offset","status":"passed","title":"supports pagination with limit and offset","duration":556.7746000000006,"failureMessages":[],"meta":{}},{"ancestorTitles":["list-context command"],"fullName":"list-context command supports sort-by and sort-order","status":"passed","title":"supports sort-by and sort-order","duration":558.583499999997,"failureMessages":[],"meta":{}},{"ancestorTitles":["list-context command"],"fullName":"list-context command validates invalid sortBy field","status":"passed","title":"validates invalid sortBy field","duration":0.1287000000011176,"failureMessages":[],"meta":{}},{"ancestorTitles":["list-context command"],"fullName":"list-context command validates invalid sortOrder","status":"passed","title":"validates invalid sortOrder","duration":0.10410000000047148,"failureMessages":[],"meta":{}},{"ancestorTitles":["list-context command"],"fullName":"list-context command validates invalid type in list-context","status":"passed","title":"validates invalid type in list-context","duration":0.06599999999889405,"failureMessages":[],"meta":{}},{"ancestorTitles":["list-context command"],"fullName":"list-context command returns rich memory fields","status":"passed","title":"returns rich memory fields","duration":507.4450999999972,"failureMessages":[],"meta":{}},{"ancestorTitles":["forget command"],"fullName":"forget command soft_forgets a memory via CLI","status":"passed","title":"soft_forgets a memory via CLI","duration":1039.7062000000005,"failureMessages":[],"meta":{}},{"ancestorTitles":["forget command"],"fullName":"forget command supersedes an old memory with a new one","status":"passed","title":"supersedes an old memory with a new one","duration":1520.386099999996,"failureMessages":[],"meta":{}},{"ancestorTitles":["forget command"],"fullName":"forget command validates required mode in forget","status":"passed","title":"validates required mode in forget","duration":0.19700000000011642,"failureMessages":[],"meta":{}},{"ancestorTitles":["forget command"],"fullName":"forget command returns error for non-existent memory","status":"passed","title":"returns error for non-existent memory","duration":502.0391000000018,"failureMessages":[],"meta":{}},{"ancestorTitles":["profile command"],"fullName":"profile command returns full profile (both layers) by default","status":"passed","title":"returns full profile (both layers) by default","duration":508.622199999998,"failureMessages":[],"meta":{}},{"ancestorTitles":["profile command"],"fullName":"profile command returns static profile with --static flag","status":"passed","title":"returns static profile with --static flag","duration":999.5137000000032,"failureMessages":[],"meta":{}},{"ancestorTitles":["profile command"],"fullName":"profile command returns dynamic profile with --dynamic flag","status":"passed","title":"returns dynamic profile with --dynamic flag","duration":1058.2085000000006,"failureMessages":[],"meta":{}},{"ancestorTitles":["profile command"],"fullName":"profile command excludes expired facts when activeOnly=true","status":"passed","title":"excludes expired facts when activeOnly=true","duration":507.8573000000033,"failureMessages":[],"meta":{}},{"ancestorTitles":["profile command"],"fullName":"profile command supports --all flag to include expired facts","status":"passed","title":"supports --all flag to include expired facts","duration":515.7078000000038,"failureMessages":[],"meta":{}},{"ancestorTitles":["profile command"],"fullName":"profile command supports pagination with limit/offset for static","status":"passed","title":"supports pagination with limit/offset for static","duration":499.95060000000376,"failureMessages":[],"meta":{}},{"ancestorTitles":["receipts command"],"fullName":"receipts command returns list of receipts for current scope","status":"passed","title":"returns list of receipts for current scope","duration":499.42489999999816,"failureMessages":[],"meta":{}},{"ancestorTitles":["receipts command"],"fullName":"receipts command supports filtering by operation","status":"passed","title":"supports filtering by operation","duration":514.2546999999977,"failureMessages":[],"meta":{}},{"ancestorTitles":["receipts command"],"fullName":"receipts command supports filtering by compress operation","status":"passed","title":"supports filtering by compress operation","duration":502.11820000000444,"failureMessages":[],"meta":{}},{"ancestorTitles":["receipts command"],"fullName":"receipts command supports pagination with limit/offset","status":"passed","title":"supports pagination with limit/offset","duration":513.7615000000005,"failureMessages":[],"meta":{}},{"ancestorTitles":["receipts command"],"fullName":"receipts command returns receipt fields correctly","status":"passed","title":"returns receipt fields correctly","duration":504.1655000000028,"failureMessages":[],"meta":{}},{"ancestorTitles":["Integration scenarios"],"fullName":"Integration scenarios scenario: save project rule → recall → supersede","status":"passed","title":"scenario: save project rule → recall → supersede","duration":3047.6066000000064,"failureMessages":[],"meta":{}},{"ancestorTitles":["Integration scenarios"],"fullName":"Integration scenarios scenario: view receipt and receipts list","status":"passed","title":"scenario: view receipt and receipts list","duration":977.3983000000007,"failureMessages":[],"meta":{}},{"ancestorTitles":["Integration scenarios"],"fullName":"Integration scenarios scenario: list-context shows all memory statuses","status":"passed","title":"scenario: list-context shows all memory statuses","duration":2523.388399999996,"failureMessages":[],"meta":{}}],"startTime":1783478854672,"endTime":1783478899771.3884,"status":"passed","message":"","name":"D:/project/CodeContext/tests/cli.test.ts"},{"assertionResults":[{"ancestorTitles":["CompressedStore","save (10.4.1 — creation)"],"fullName":"CompressedStore save (10.4.1 — creation) creates a record and returns it with generated id and timestamps","status":"passed","title":"creates a record and returns it with generated id and timestamps","duration":12.601499999999987,"failureMessages":[],"meta":{}},{"ancestorTitles":["CompressedStore","save (10.4.1 — creation)"],"fullName":"CompressedStore save (10.4.1 — creation) stores metadata as JSON","status":"passed","title":"stores metadata as JSON","duration":3.2128000000000156,"failureMessages":[],"meta":{}},{"ancestorTitles":["CompressedStore","save (10.4.1 — creation)"],"fullName":"CompressedStore save (10.4.1 — creation) stores a failed record with errorReason","status":"passed","title":"stores a failed record with errorReason","duration":1.3758000000000266,"failureMessages":[],"meta":{}},{"ancestorTitles":["CompressedStore","save (10.4.1 — creation)"],"fullName":"CompressedStore save (10.4.1 — creation) generates unique ids for each record","status":"passed","title":"generates unique ids for each record","duration":3.162900000000036,"failureMessages":[],"meta":{}},{"ancestorTitles":["CompressedStore","save (10.4.1 — creation)"],"fullName":"CompressedStore save (10.4.1 — creation) sets canRetrieveOriginal default to true","status":"passed","title":"sets canRetrieveOriginal default to true","duration":2.0528999999999087,"failureMessages":[],"meta":{}},{"ancestorTitles":["CompressedStore","save (10.4.1 — creation)"],"fullName":"CompressedStore save (10.4.1 — creation) respects explicit canRetrieveOriginal = false","status":"passed","title":"respects explicit canRetrieveOriginal = false","duration":1.5114000000000942,"failureMessages":[],"meta":{}},{"ancestorTitles":["CompressedStore","save (10.4.1 — creation)"],"fullName":"CompressedStore save (10.4.1 — creation) stores sourceRef when provided","status":"passed","title":"stores sourceRef when provided","duration":1.679300000000012,"failureMessages":[],"meta":{}},{"ancestorTitles":["CompressedStore","get (10.4.2 — query by ccrId)"],"fullName":"CompressedStore get (10.4.2 — query by ccrId) retrieves a record by id with matching scopeId","status":"passed","title":"retrieves a record by id with matching scopeId","duration":1.5138999999999214,"failureMessages":[],"meta":{}},{"ancestorTitles":["CompressedStore","get (10.4.2 — query by ccrId)"],"fullName":"CompressedStore get (10.4.2 — query by ccrId) returns null when id does not exist","status":"passed","title":"returns null when id does not exist","duration":0.5020999999999276,"failureMessages":[],"meta":{}},{"ancestorTitles":["CompressedStore","get (10.4.2 — query by ccrId)"],"fullName":"CompressedStore get (10.4.2 — query by ccrId) returns null when scopeId does not match (scope isolation)","status":"passed","title":"returns null when scopeId does not match (scope isolation)","duration":1.6639000000000124,"failureMessages":[],"meta":{}},{"ancestorTitles":["CompressedStore","get (10.4.2 — query by ccrId)"],"fullName":"CompressedStore get (10.4.2 — query by ccrId) returns the full record with all fields","status":"passed","title":"returns the full record with all fields","duration":2.6673000000000684,"failureMessages":[],"meta":{}},{"ancestorTitles":["CompressedStore","scope isolation (10.4.3)"],"fullName":"CompressedStore scope isolation (10.4.3) list() only returns records for the requested scope","status":"passed","title":"list() only returns records for the requested scope","duration":9.197900000000118,"failureMessages":[],"meta":{}},{"ancestorTitles":["CompressedStore","scope isolation (10.4.3)"],"fullName":"CompressedStore scope isolation (10.4.3) get() enforces scope isolation","status":"passed","title":"get() enforces scope isolation","duration":3.6513000000002194,"failureMessages":[],"meta":{}},{"ancestorTitles":["CompressedStore","scope isolation (10.4.3)"],"fullName":"CompressedStore scope isolation (10.4.3) count() is scoped","status":"passed","title":"count() is scoped","duration":2.9996000000001004,"failureMessages":[],"meta":{}},{"ancestorTitles":["CompressedStore","scope isolation (10.4.3)"],"fullName":"CompressedStore scope isolation (10.4.3) count() with contentType filter is scoped","status":"passed","title":"count() with contentType filter is scoped","duration":2.5285999999998694,"failureMessages":[],"meta":{}},{"ancestorTitles":["CompressedStore","list pagination (10.4.4)"],"fullName":"CompressedStore list pagination (10.4.4) returns at most `limit` items","status":"passed","title":"returns at most `limit` items","duration":1.8713999999999942,"failureMessages":[],"meta":{}},{"ancestorTitles":["CompressedStore","list pagination (10.4.4)"],"fullName":"CompressedStore list pagination (10.4.4) offset skips the first N records","status":"passed","title":"offset skips the first N records","duration":1.812199999999848,"failureMessages":[],"meta":{}},{"ancestorTitles":["CompressedStore","list pagination (10.4.4)"],"fullName":"CompressedStore list pagination (10.4.4) sorts by created_at DESC (most recent first)","status":"passed","title":"sorts by created_at DESC (most recent first)","duration":2.6375000000000455,"failureMessages":[],"meta":{}},{"ancestorTitles":["CompressedStore","list pagination (10.4.4)"],"fullName":"CompressedStore list pagination (10.4.4) defaults to limit=20, offset=0","status":"passed","title":"defaults to limit=20, offset=0","duration":1.4960000000000946,"failureMessages":[],"meta":{}},{"ancestorTitles":["CompressedStore","list pagination (10.4.4)"],"fullName":"CompressedStore list pagination (10.4.4) returns empty items when offset exceeds total","status":"passed","title":"returns empty items when offset exceeds total","duration":1.3614999999999782,"failureMessages":[],"meta":{}},{"ancestorTitles":["CompressedStore","list pagination (10.4.4)"],"fullName":"CompressedStore list pagination (10.4.4) returns total count correctly","status":"passed","title":"returns total count correctly","duration":1.0911000000000968,"failureMessages":[],"meta":{}},{"ancestorTitles":["CompressedStore","failed records (10.4.5)"],"fullName":"CompressedStore failed records (10.4.5) saves and retrieves a failed record with errorReason","status":"passed","title":"saves and retrieves a failed record with errorReason","duration":1.5104000000001179,"failureMessages":[],"meta":{}},{"ancestorTitles":["CompressedStore","failed records (10.4.5)"],"fullName":"CompressedStore failed records (10.4.5) invalid strategy mode produces a failed record","status":"passed","title":"invalid strategy mode produces a failed record","duration":2.3577999999999975,"failureMessages":[],"meta":{}},{"ancestorTitles":["CompressedStore","failed records (10.4.5)"],"fullName":"CompressedStore failed records (10.4.5) distinct failed vs success records in list stats","status":"passed","title":"distinct failed vs success records in list stats","duration":2.8549000000000433,"failureMessages":[],"meta":{}},{"ancestorTitles":["CompressedStore","failed records (10.4.5)"],"fullName":"CompressedStore failed records (10.4.5) failed records can omit errorReason (undefined)","status":"passed","title":"failed records can omit errorReason (undefined)","duration":0.9564000000000306,"failureMessages":[],"meta":{}},{"ancestorTitles":["CompressedStore","list with contentType filter"],"fullName":"CompressedStore list with contentType filter filters by contentType","status":"passed","title":"filters by contentType","duration":0.7863999999999578,"failureMessages":[],"meta":{}},{"ancestorTitles":["CompressedStore","list with contentType filter"],"fullName":"CompressedStore list with contentType filter returns empty when no records match contentType","status":"passed","title":"returns empty when no records match contentType","duration":0.5670000000000073,"failureMessages":[],"meta":{}},{"ancestorTitles":["CompressedStore","list with contentType filter"],"fullName":"CompressedStore list with contentType filter returns all types when contentType is not specified","status":"passed","title":"returns all types when contentType is not specified","duration":0.7489000000000487,"failureMessages":[],"meta":{}},{"ancestorTitles":["CompressedStore","edge cases"],"fullName":"CompressedStore edge cases handles empty scope gracefully","status":"passed","title":"handles empty scope gracefully","duration":0.5753000000001975,"failureMessages":[],"meta":{}},{"ancestorTitles":["CompressedStore","edge cases"],"fullName":"CompressedStore edge cases handles empty string summary","status":"passed","title":"handles empty string summary","duration":0.880100000000084,"failureMessages":[],"meta":{}},{"ancestorTitles":["CompressedStore","edge cases"],"fullName":"CompressedStore edge cases handles null/undefined optional fields","status":"passed","title":"handles null/undefined optional fields","duration":1.3141000000000531,"failureMessages":[],"meta":{}},{"ancestorTitles":["CompressedStore","edge cases"],"fullName":"CompressedStore edge cases corrupt metadata JSON is handled safely","status":"passed","title":"corrupt metadata JSON is handled safely","duration":2.0324000000000524,"failureMessages":[],"meta":{}}],"startTime":1783478852726,"endTime":1783478852821.0325,"status":"passed","message":"","name":"D:/project/CodeContext/tests/compressedStore.test.ts"},{"assertionResults":[{"ancestorTitles":["Strategy Registry"],"fullName":"Strategy Registry registers and retrieves a strategy","status":"passed","title":"registers and retrieves a strategy","duration":2.3364000000001397,"failureMessages":[],"meta":{}},{"ancestorTitles":["Strategy Registry"],"fullName":"Strategy Registry hasStrategy returns correct boolean","status":"passed","title":"hasStrategy returns correct boolean","duration":0.564900000000307,"failureMessages":[],"meta":{}},{"ancestorTitles":["Strategy Registry"],"fullName":"Strategy Registry listRegisteredTypes returns all registered types","status":"passed","title":"listRegisteredTypes returns all registered types","duration":1.7815999999997985,"failureMessages":[],"meta":{}},{"ancestorTitles":["Strategy Registry"],"fullName":"Strategy Registry overwrites existing strategy on re-register","status":"passed","title":"overwrites existing strategy on re-register","duration":0.3321000000000822,"failureMessages":[],"meta":{}},{"ancestorTitles":["Strategy Selection"],"fullName":"Strategy Selection selects plain_text strategy for plain_text content","status":"passed","title":"selects plain_text strategy for plain_text content","duration":243.23579999999993,"failureMessages":[],"meta":{}},{"ancestorTitles":["Strategy Selection"],"fullName":"Strategy Selection selects log strategy for log content","status":"passed","title":"selects log strategy for log content","duration":4.809900000000198,"failureMessages":[],"meta":{}},{"ancestorTitles":["Strategy Selection"],"fullName":"Strategy Selection selects test_output strategy for test output content","status":"passed","title":"selects test_output strategy for test output content","duration":2.6930999999999585,"failureMessages":[],"meta":{}},{"ancestorTitles":["Strategy Selection"],"fullName":"Strategy Selection selects command_output strategy for command output content","status":"passed","title":"selects command_output strategy for command output content","duration":5.172099999999773,"failureMessages":[],"meta":{}},{"ancestorTitles":["Strategy Selection"],"fullName":"Strategy Selection records strategy version in output","status":"passed","title":"records strategy version in output","duration":2.7829999999999018,"failureMessages":[],"meta":{}},{"ancestorTitles":["Strategy Selection"],"fullName":"Strategy Selection records conservative mode in strategy id","status":"passed","title":"records conservative mode in strategy id","duration":5.292300000000068,"failureMessages":[],"meta":{}},{"ancestorTitles":["Strategy Selection"],"fullName":"Strategy Selection records auto mode in strategy id","status":"passed","title":"records auto mode in strategy id","duration":2.7631000000001222,"failureMessages":[],"meta":{}},{"ancestorTitles":["Unknown Fallback"],"fullName":"Unknown Fallback falls back to plain_text for unknown content type","status":"passed","title":"falls back to plain_text for unknown content type","duration":5.136800000000221,"failureMessages":[],"meta":{}},{"ancestorTitles":["Unknown Fallback"],"fullName":"Unknown Fallback falls back to plain_text for file_summary (unregistered type)","status":"passed","title":"falls back to plain_text for file_summary (unregistered type)","duration":2.6048000000000684,"failureMessages":[],"meta":{}},{"ancestorTitles":["Unknown Fallback"],"fullName":"Unknown Fallback handles unspecified content type via plain_text fallback","status":"passed","title":"handles unspecified content type via plain_text fallback","duration":1.9717999999998028,"failureMessages":[],"meta":{}},{"ancestorTitles":["maxTokens Enforcement"],"fullName":"maxTokens Enforcement returns content as-is when within token budget","status":"passed","title":"returns content as-is when within token budget","duration":2.281500000000051,"failureMessages":[],"meta":{}},{"ancestorTitles":["maxTokens Enforcement"],"fullName":"maxTokens Enforcement compresses when content exceeds token budget","status":"passed","title":"compresses when content exceeds token budget","duration":80.7804000000001,"failureMessages":[],"meta":{}},{"ancestorTitles":["maxTokens Enforcement"],"fullName":"maxTokens Enforcement respects tight maxTokens budgets","status":"passed","title":"respects tight maxTokens budgets","duration":4.807999999999993,"failureMessages":[],"meta":{}},{"ancestorTitles":["maxTokens Enforcement"],"fullName":"maxTokens Enforcement handles maxTokens = 1 (extremely tight budget)","status":"passed","title":"handles maxTokens = 1 (extremely tight budget)","duration":5.4056000000000495,"failureMessages":[],"meta":{}},{"ancestorTitles":["maxTokens Enforcement"],"fullName":"maxTokens Enforcement handles maxTokens = 0 gracefully","status":"passed","title":"handles maxTokens = 0 gracefully","duration":3.249500000000353,"failureMessages":[],"meta":{}},{"ancestorTitles":["maxTokens Enforcement"],"fullName":"maxTokens Enforcement tracks correct token statistics","status":"passed","title":"tracks correct token statistics","duration":2.2281000000002678,"failureMessages":[],"meta":{}},{"ancestorTitles":["Warnings"],"fullName":"Warnings includes strategy info as first warning","status":"passed","title":"includes strategy info as first warning","duration":1.5543000000002394,"failureMessages":[],"meta":{}},{"ancestorTitles":["Warnings"],"fullName":"Warnings warns when content is truncated for budget","status":"passed","title":"warns when content is truncated for budget","duration":23.27410000000009,"failureMessages":[],"meta":{}},{"ancestorTitles":["Warnings"],"fullName":"Warnings includes fallback warning for unknown types","status":"passed","title":"includes fallback warning for unknown types","duration":1.8126000000002023,"failureMessages":[],"meta":{}},{"ancestorTitles":["Warnings"],"fullName":"Warnings includes token savings info when compression occurs","status":"passed","title":"includes token savings info when compression occurs","duration":47.879399999999805,"failureMessages":[],"meta":{}},{"ancestorTitles":["Warnings"],"fullName":"Warnings does not include token savings warning when no compression needed","status":"passed","title":"does not include token savings warning when no compression needed","duration":1.5049999999996544,"failureMessages":[],"meta":{}},{"ancestorTitles":["Empty Content"],"fullName":"Empty Content handles empty string","status":"passed","title":"handles empty string","duration":1.0839999999998327,"failureMessages":[],"meta":{}},{"ancestorTitles":["Empty Content"],"fullName":"Empty Content handles whitespace-only content","status":"passed","title":"handles whitespace-only content","duration":0.9738999999999578,"failureMessages":[],"meta":{}},{"ancestorTitles":["Empty Content"],"fullName":"Empty Content handles content with only newlines","status":"passed","title":"handles content with only newlines","duration":1.0161000000002787,"failureMessages":[],"meta":{}},{"ancestorTitles":["Empty Content"],"fullName":"Empty Content handles null-like empty content for log type","status":"passed","title":"handles null-like empty content for log type","duration":1.1582000000003063,"failureMessages":[],"meta":{}},{"ancestorTitles":["Empty Content"],"fullName":"Empty Content handles null-like empty content for test_output type","status":"passed","title":"handles null-like empty content for test_output type","duration":0.8971999999998843,"failureMessages":[],"meta":{}},{"ancestorTitles":["Exceptional Content"],"fullName":"Exceptional Content handles very long content without crashing","status":"passed","title":"handles very long content without crashing","duration":57.92610000000013,"failureMessages":[],"meta":{}},{"ancestorTitles":["Exceptional Content"],"fullName":"Exceptional Content handles content with emoji and Unicode","status":"passed","title":"handles content with emoji and Unicode","duration":3.701999999999771,"failureMessages":[],"meta":{}},{"ancestorTitles":["Exceptional Content"],"fullName":"Exceptional Content handles content with only special characters","status":"passed","title":"handles content with only special characters","duration":19.588400000000092,"failureMessages":[],"meta":{}},{"ancestorTitles":["Exceptional Content"],"fullName":"Exceptional Content handles binary-like / escape-heavy content","status":"passed","title":"handles binary-like / escape-heavy content","duration":18.78959999999961,"failureMessages":[],"meta":{}},{"ancestorTitles":["Exceptional Content"],"fullName":"Exceptional Content handles content that is one extremely long line (no paragraph breaks)","status":"passed","title":"handles content that is one extremely long line (no paragraph breaks)","duration":34.127899999999954,"failureMessages":[],"meta":{}},{"ancestorTitles":["Exceptional Content"],"fullName":"Exceptional Content handles content with mixed line endings (\\r\\n, \\r, \\n)","status":"passed","title":"handles content with mixed line endings (\\r\\n, \\r, \\n)","duration":1.6282000000001062,"failureMessages":[],"meta":{}},{"ancestorTitles":["Exceptional Content"],"fullName":"Exceptional Content handles HTML-like content in plain text mode","status":"passed","title":"handles HTML-like content in plain text mode","duration":1.9175000000000182,"failureMessages":[],"meta":{}},{"ancestorTitles":["Plain Text Compression Quality"],"fullName":"Plain Text Compression Quality preserves the first section of content","status":"passed","title":"preserves the first section of content","duration":4.286200000000008,"failureMessages":[],"meta":{}},{"ancestorTitles":["Plain Text Compression Quality"],"fullName":"Plain Text Compression Quality preserves the last section of content","status":"passed","title":"preserves the last section of content","duration":4.7246000000000095,"failureMessages":[],"meta":{}},{"ancestorTitles":["Plain Text Compression Quality"],"fullName":"Plain Text Compression Quality preserves headings when compressing","status":"passed","title":"preserves headings when compressing","duration":17.842099999999846,"failureMessages":[],"meta":{}},{"ancestorTitles":["Plain Text Compression Quality"],"fullName":"Plain Text Compression Quality preserves sections with error/warning signals","status":"passed","title":"preserves sections with error/warning signals","duration":2.0382000000004155,"failureMessages":[],"meta":{}},{"ancestorTitles":["Plain Text Compression Quality"],"fullName":"Plain Text Compression Quality folds consecutive repeated content","status":"passed","title":"folds consecutive repeated content","duration":2.433599999999842,"failureMessages":[],"meta":{}},{"ancestorTitles":["Plain Text Compression Quality"],"fullName":"Plain Text Compression Quality provides a meaningful summary","status":"passed","title":"provides a meaningful summary","duration":29.817799999999806,"failureMessages":[],"meta":{}},{"ancestorTitles":["failOpen Behavior"],"fullName":"failOpen Behavior returns original content when strategy throws","status":"passed","title":"returns original content when strategy throws","duration":0.9432000000001608,"failureMessages":[],"meta":{}},{"ancestorTitles":["failOpen Behavior"],"fullName":"failOpen Behavior returns fallback when strategy returns empty string","status":"passed","title":"returns fallback when strategy returns empty string","duration":0.7380000000002838,"failureMessages":[],"meta":{}},{"ancestorTitles":["Output Shape & Metadata"],"fullName":"Output Shape & Metadata produces valid ccrId","status":"passed","title":"produces valid ccrId","duration":1.1117000000003827,"failureMessages":[],"meta":{}},{"ancestorTitles":["Output Shape & Metadata"],"fullName":"Output Shape & Metadata produces valid receiptId","status":"passed","title":"produces valid receiptId","duration":0.9978000000000975,"failureMessages":[],"meta":{}},{"ancestorTitles":["Output Shape & Metadata"],"fullName":"Output Shape & Metadata sets canRetrieveOriginal based on keepOriginal flag","status":"passed","title":"sets canRetrieveOriginal based on keepOriginal flag","duration":1.810699999999997,"failureMessages":[],"meta":{}},{"ancestorTitles":["Output Shape & Metadata"],"fullName":"Output Shape & Metadata passes scopeId through unchanged","status":"passed","title":"passes scopeId through unchanged","duration":0.9580000000000837,"failureMessages":[],"meta":{}},{"ancestorTitles":["Output Shape & Metadata"],"fullName":"Output Shape & Metadata passes contentType through","status":"passed","title":"passes contentType through","duration":0.7494000000001506,"failureMessages":[],"meta":{}},{"ancestorTitles":["Output Shape & Metadata"],"fullName":"Output Shape & Metadata includes all required fields in output","status":"passed","title":"includes all required fields in output","duration":1.6309000000001106,"failureMessages":[],"meta":{}},{"ancestorTitles":["Log Strategy"],"fullName":"Log Strategy preserves ERROR lines","status":"passed","title":"preserves ERROR lines","duration":1.215900000000147,"failureMessages":[],"meta":{}},{"ancestorTitles":["Log Strategy"],"fullName":"Log Strategy folds repeated INFO lines","status":"passed","title":"folds repeated INFO lines","duration":11.268199999999979,"failureMessages":[],"meta":{}},{"ancestorTitles":["Command Output Strategy"],"fullName":"Command Output Strategy preserves error and exit code info","status":"passed","title":"preserves error and exit code info","duration":1.1338999999998123,"failureMessages":[],"meta":{}},{"ancestorTitles":["Test Output Strategy"],"fullName":"Test Output Strategy handles test output within budget","status":"passed","title":"handles test output within budget","duration":1.2247999999999593,"failureMessages":[],"meta":{}},{"ancestorTitles":["Regression Edge Cases"],"fullName":"Regression Edge Cases handles content with only double newlines","status":"passed","title":"handles content with only double newlines","duration":0.8058000000000902,"failureMessages":[],"meta":{}},{"ancestorTitles":["Regression Edge Cases"],"fullName":"Regression Edge Cases handles numeric content","status":"passed","title":"handles numeric content","duration":34.439800000000105,"failureMessages":[],"meta":{}},{"ancestorTitles":["Regression Edge Cases"],"fullName":"Regression Edge Cases handles JSON-like content routed as plain_text","status":"passed","title":"handles JSON-like content routed as plain_text","duration":1.4859999999998763,"failureMessages":[],"meta":{}},{"ancestorTitles":["Regression Edge Cases"],"fullName":"Regression Edge Cases produces unique ccrIds across multiple compressions","status":"passed","title":"produces unique ccrIds across multiple compressions","duration":2.5592999999998938,"failureMessages":[],"meta":{}},{"ancestorTitles":["PRD Defaults & Timeout"],"fullName":"PRD Defaults & Timeout uses DEFAULT_MAX_TOKENS (2000) when maxTokens is not provided","status":"passed","title":"uses DEFAULT_MAX_TOKENS (2000) when maxTokens is not provided","duration":1.413600000000315,"failureMessages":[],"meta":{}},{"ancestorTitles":["PRD Defaults & Timeout"],"fullName":"PRD Defaults & Timeout uses DEFAULT_TIMEOUT_MS (5000) when timeoutMs is not provided","status":"passed","title":"uses DEFAULT_TIMEOUT_MS (5000) when timeoutMs is not provided","duration":1.2934000000000196,"failureMessages":[],"meta":{}},{"ancestorTitles":["PRD Defaults & Timeout"],"fullName":"PRD Defaults & Timeout DEFAULT_MAX_TOKENS equals 2000 (PRD §18)","status":"passed","title":"DEFAULT_MAX_TOKENS equals 2000 (PRD §18)","duration":0.20420000000012806,"failureMessages":[],"meta":{}},{"ancestorTitles":["PRD Defaults & Timeout"],"fullName":"PRD Defaults & Timeout DEFAULT_TIMEOUT_MS equals 5000 (PRD §18)","status":"passed","title":"DEFAULT_TIMEOUT_MS equals 5000 (PRD §18)","duration":0.22870000000011714,"failureMessages":[],"meta":{}},{"ancestorTitles":["PRD Defaults & Timeout"],"fullName":"PRD Defaults & Timeout respects custom timeoutMs","status":"passed","title":"respects custom timeoutMs","duration":1.070299999999861,"failureMessages":[],"meta":{}},{"ancestorTitles":["PRD Defaults & Timeout"],"fullName":"PRD Defaults & Timeout times out with extremely short timeout","status":"passed","title":"times out with extremely short timeout","duration":398.9512999999997,"failureMessages":[],"meta":{}},{"ancestorTitles":["PRD Defaults & Timeout"],"fullName":"PRD Defaults & Timeout failure output matches PRD §11.2 format","status":"passed","title":"failure output matches PRD §11.2 format","duration":1.5214999999998327,"failureMessages":[],"meta":{}}],"startTime":1783478854121,"endTime":1783478855252.5215,"status":"passed","message":"","name":"D:/project/CodeContext/tests/compressionEngine.test.ts"},{"assertionResults":[{"ancestorTitles":["testOutputDetector"],"fullName":"testOutputDetector detects Vitest output","status":"passed","title":"detects Vitest output","duration":6.12070000000017,"failureMessages":[],"meta":{}},{"ancestorTitles":["testOutputDetector"],"fullName":"testOutputDetector detects Jest output","status":"passed","title":"detects Jest output","duration":1.595700000000079,"failureMessages":[],"meta":{}},{"ancestorTitles":["testOutputDetector"],"fullName":"testOutputDetector detects pytest output","status":"passed","title":"detects pytest output","duration":1.0942000000000007,"failureMessages":[],"meta":{}},{"ancestorTitles":["testOutputDetector"],"fullName":"testOutputDetector returns null for non-test content","status":"passed","title":"returns null for non-test content","duration":0.2822000000001026,"failureMessages":[],"meta":{}},{"ancestorTitles":["testOutputDetector"],"fullName":"testOutputDetector returns null for content with only one weak signal","status":"passed","title":"returns null for content with only one weak signal","duration":0.2565999999999349,"failureMessages":[],"meta":{}},{"ancestorTitles":["logDetector"],"fullName":"logDetector detects application error logs","status":"passed","title":"detects application error logs","duration":1.1488999999999123,"failureMessages":[],"meta":{}},{"ancestorTitles":["logDetector"],"fullName":"logDetector detects Python traceback logs","status":"passed","title":"detects Python traceback logs","duration":0.9331999999999425,"failureMessages":[],"meta":{}},{"ancestorTitles":["logDetector"],"fullName":"logDetector detects INFO-level structured logs","status":"passed","title":"detects INFO-level structured logs","duration":0.7782999999999447,"failureMessages":[],"meta":{}},{"ancestorTitles":["logDetector"],"fullName":"logDetector returns null for non-log content","status":"passed","title":"returns null for non-log content","duration":0.37390000000004875,"failureMessages":[],"meta":{}},{"ancestorTitles":["commandOutputDetector"],"fullName":"commandOutputDetector detects build failure output","status":"passed","title":"detects build failure output","duration":0.986699999999928,"failureMessages":[],"meta":{}},{"ancestorTitles":["commandOutputDetector"],"fullName":"commandOutputDetector detects shell command with stderr","status":"passed","title":"detects shell command with stderr","duration":0.8180999999999585,"failureMessages":[],"meta":{}},{"ancestorTitles":["commandOutputDetector"],"fullName":"commandOutputDetector detects path-style prompts","status":"passed","title":"detects path-style prompts","duration":0.47079999999982647,"failureMessages":[],"meta":{}},{"ancestorTitles":["commandOutputDetector"],"fullName":"commandOutputDetector returns null for non-command content","status":"passed","title":"returns null for non-command content","duration":0.26289999999994507,"failureMessages":[],"meta":{}},{"ancestorTitles":["codeDetector"],"fullName":"codeDetector detects TypeScript code","status":"passed","title":"detects TypeScript code","duration":1.4297999999998865,"failureMessages":[],"meta":{}},{"ancestorTitles":["codeDetector"],"fullName":"codeDetector detects Python code","status":"passed","title":"detects Python code","duration":1.070799999999963,"failureMessages":[],"meta":{}},{"ancestorTitles":["codeDetector"],"fullName":"codeDetector returns null for plain English text with a keyword","status":"passed","title":"returns null for plain English text with a keyword","duration":0.21749999999997272,"failureMessages":[],"meta":{}},{"ancestorTitles":["codeDetector"],"fullName":"codeDetector returns null for content with only 1-2 code keywords","status":"passed","title":"returns null for content with only 1-2 code keywords","duration":0.25870000000008986,"failureMessages":[],"meta":{}},{"ancestorTitles":["jsonDetector"],"fullName":"jsonDetector detects a JSON object","status":"passed","title":"detects a JSON object","duration":0.6059000000000196,"failureMessages":[],"meta":{}},{"ancestorTitles":["jsonDetector"],"fullName":"jsonDetector detects a JSON array","status":"passed","title":"detects a JSON array","duration":0.4393000000000029,"failureMessages":[],"meta":{}},{"ancestorTitles":["jsonDetector"],"fullName":"jsonDetector detects malformed JSON with key-value structure","status":"passed","title":"detects malformed JSON with key-value structure","duration":0.5319999999999254,"failureMessages":[],"meta":{}},{"ancestorTitles":["jsonDetector"],"fullName":"jsonDetector returns null for non-JSON content","status":"passed","title":"returns null for non-JSON content","duration":0.28899999999998727,"failureMessages":[],"meta":{}},{"ancestorTitles":["jsonDetector"],"fullName":"jsonDetector returns null when confidence is too low","status":"passed","title":"returns null when confidence is too low","duration":0.3006000000000313,"failureMessages":[],"meta":{}},{"ancestorTitles":["markdownDetector"],"fullName":"markdownDetector detects a markdown document with headings and lists","status":"passed","title":"detects a markdown document with headings and lists","duration":1.0535999999999603,"failureMessages":[],"meta":{}},{"ancestorTitles":["markdownDetector"],"fullName":"markdownDetector detects markdown with code blocks","status":"passed","title":"detects markdown with code blocks","duration":0.9005999999999403,"failureMessages":[],"meta":{}},{"ancestorTitles":["markdownDetector"],"fullName":"markdownDetector returns null for non-markdown content","status":"passed","title":"returns null for non-markdown content","duration":0.2839999999998781,"failureMessages":[],"meta":{}},{"ancestorTitles":["ragChunkDetector"],"fullName":"ragChunkDetector detects RAG chunk JSON output","status":"passed","title":"detects RAG chunk JSON output","duration":1.0666000000001077,"failureMessages":[],"meta":{}},{"ancestorTitles":["ragChunkDetector"],"fullName":"ragChunkDetector detects RAG results with relevance score","status":"passed","title":"detects RAG results with relevance score","duration":0.8651999999999589,"failureMessages":[],"meta":{}},{"ancestorTitles":["ragChunkDetector"],"fullName":"ragChunkDetector returns null for non-RAG content","status":"passed","title":"returns null for non-RAG content","duration":0.49520000000006803,"failureMessages":[],"meta":{}},{"ancestorTitles":["conversationHistoryDetector"],"fullName":"conversationHistoryDetector detects JSON chat format (OpenAI/Anthropic style)","status":"passed","title":"detects JSON chat format (OpenAI/Anthropic style)","duration":0.9971000000000458,"failureMessages":[],"meta":{}},{"ancestorTitles":["conversationHistoryDetector"],"fullName":"conversationHistoryDetector detects Human/Assistant text format (LangChain style)","status":"passed","title":"detects Human/Assistant text format (LangChain style)","duration":0.7648999999998978,"failureMessages":[],"meta":{}},{"ancestorTitles":["conversationHistoryDetector"],"fullName":"conversationHistoryDetector detects user/assistant text format","status":"passed","title":"detects user/assistant text format","duration":0.45289999999999964,"failureMessages":[],"meta":{}},{"ancestorTitles":["conversationHistoryDetector"],"fullName":"conversationHistoryDetector returns null for non-conversation content","status":"passed","title":"returns null for non-conversation content","duration":0.22820000000001528,"failureMessages":[],"meta":{}},{"ancestorTitles":["unknown fallback"],"fullName":"unknown fallback returns unknown for empty content","status":"passed","title":"returns unknown for empty content","duration":1.1876999999999498,"failureMessages":[],"meta":{}},{"ancestorTitles":["unknown fallback"],"fullName":"unknown fallback returns unknown for whitespace-only content","status":"passed","title":"returns unknown for whitespace-only content","duration":0.19990000000007058,"failureMessages":[],"meta":{}},{"ancestorTitles":["unknown fallback"],"fullName":"unknown fallback returns unknown for content with no recognizable signals","status":"passed","title":"returns unknown for content with no recognizable signals","duration":0.3729000000000724,"failureMessages":[],"meta":{}},{"ancestorTitles":["unknown fallback"],"fullName":"unknown fallback returns unknown for gibberish / unclassifiable content","status":"passed","title":"returns unknown for gibberish / unclassifiable content","duration":3.475400000000036,"failureMessages":[],"meta":{}},{"ancestorTitles":["ContentRouter integration (detectContentType)"],"fullName":"ContentRouter integration (detectContentType) routes Vitest output → test_output with high confidence","status":"passed","title":"routes Vitest output → test_output with high confidence","duration":0.7010000000000218,"failureMessages":[],"meta":{}},{"ancestorTitles":["ContentRouter integration (detectContentType)"],"fullName":"ContentRouter integration (detectContentType) routes JSON content → json with high confidence","status":"passed","title":"routes JSON content → json with high confidence","duration":0.4629000000002179,"failureMessages":[],"meta":{}},{"ancestorTitles":["ContentRouter integration (detectContentType)"],"fullName":"ContentRouter integration (detectContentType) routes code content → code","status":"passed","title":"routes code content → code","duration":0.558100000000195,"failureMessages":[],"meta":{}},{"ancestorTitles":["ContentRouter integration (detectContentType)"],"fullName":"ContentRouter integration (detectContentType) orders allResults by confidence descending","status":"passed","title":"orders allResults by confidence descending","duration":0.5634000000000015,"failureMessages":[],"meta":{}},{"ancestorTitles":["ContentRouter integration (detectContentType)"],"fullName":"ContentRouter integration (detectContentType) returns unknown when no detector reaches minimum confidence","status":"passed","title":"returns unknown when no detector reaches minimum confidence","duration":1.0317000000000007,"failureMessages":[],"meta":{}},{"ancestorTitles":["ContentRouter integration (detectContentType)"],"fullName":"ContentRouter integration (detectContentType) handles large content without errors","status":"passed","title":"handles large content without errors","duration":1.227500000000191,"failureMessages":[],"meta":{}},{"ancestorTitles":["ContentRouter integration (detectContentType)"],"fullName":"ContentRouter integration (detectContentType) prefers more specific type when multiple detectors match","status":"passed","title":"prefers more specific type when multiple detectors match","duration":0.41190000000005966,"failureMessages":[],"meta":{}},{"ancestorTitles":["edge cases"],"fullName":"edge cases handles single-line content","status":"passed","title":"handles single-line content","duration":0.27910000000019863,"failureMessages":[],"meta":{}},{"ancestorTitles":["edge cases"],"fullName":"edge cases handles very short content (no match)","status":"passed","title":"handles very short content (no match)","duration":0.37390000000004875,"failureMessages":[],"meta":{}},{"ancestorTitles":["edge cases"],"fullName":"edge cases handles content with only newlines","status":"passed","title":"handles content with only newlines","duration":0.2320999999999458,"failureMessages":[],"meta":{}},{"ancestorTitles":["edge cases"],"fullName":"edge cases handles non-ASCII / Unicode content","status":"passed","title":"handles non-ASCII / Unicode content","duration":2.433599999999842,"failureMessages":[],"meta":{}},{"ancestorTitles":["edge cases"],"fullName":"edge cases handles mixed content with markdown wrapping code","status":"passed","title":"handles mixed content with markdown wrapping code","duration":0.4574999999999818,"failureMessages":[],"meta":{}}],"startTime":1783478853077,"endTime":1783478853121.4575,"status":"passed","message":"","name":"D:/project/CodeContext/tests/contentRouter.test.ts"},{"assertionResults":[{"ancestorTitles":["demo command"],"fullName":"demo command runDemo returns ok status","status":"passed","title":"runDemo returns ok status","duration":5456.8266,"failureMessages":[],"meta":{}},{"ancestorTitles":["demo command"],"fullName":"demo command generates the report file at reports/demo/first-run-value.md","status":"passed","title":"generates the report file at reports/demo/first-run-value.md","duration":2714.467999999999,"failureMessages":[],"meta":{}},{"ancestorTitles":["demo command"],"fullName":"demo command report contains all required sections","status":"passed","title":"report contains all required sections","duration":2589.2163,"failureMessages":[],"meta":{}},{"ancestorTitles":["demo command"],"fullName":"demo command report contains key metrics","status":"passed","title":"report contains key metrics","duration":2190.3487000000005,"failureMessages":[],"meta":{}},{"ancestorTitles":["demo command"],"fullName":"demo command report shows the compress step succeeded with positive token savings","status":"passed","title":"report shows the compress step succeeded with positive token savings","duration":2021.948800000002,"failureMessages":[],"meta":{}},{"ancestorTitles":["demo command"],"fullName":"demo command report shows the remember step succeeded","status":"passed","title":"report shows the remember step succeeded","duration":1892.5505000000012,"failureMessages":[],"meta":{}},{"ancestorTitles":["demo command"],"fullName":"demo command report shows the recall step succeeded","status":"passed","title":"report shows the recall step succeeded","duration":1818.1599999999999,"failureMessages":[],"meta":{}},{"ancestorTitles":["demo command"],"fullName":"demo command report shows the retrieve step succeeded","status":"passed","title":"report shows the retrieve step succeeded","duration":1859.9131000000016,"failureMessages":[],"meta":{}},{"ancestorTitles":["demo command"],"fullName":"demo command summary reports cover all four steps","status":"passed","title":"summary reports cover all four steps","duration":1840.6935000000012,"failureMessages":[],"meta":{}},{"ancestorTitles":["demo command"],"fullName":"demo command demo report is readable markdown","status":"passed","title":"demo report is readable markdown","duration":1893.5128000000004,"failureMessages":[],"meta":{}}],"startTime":1783478858042,"endTime":1783478882319.5127,"status":"passed","message":"","name":"D:/project/CodeContext/tests/demo.test.ts"},{"assertionResults":[{"ancestorTitles":["User Story 1: First-Run Demo"],"fullName":"User Story 1: First-Run Demo runs the complete demo flow and generates reports","status":"passed","title":"runs the complete demo flow and generates reports","duration":6170.4383,"failureMessages":[],"meta":{}},{"ancestorTitles":["User Story 1: First-Run Demo"],"fullName":"User Story 1: First-Run Demo verify token savings are substantial","status":"passed","title":"verify token savings are substantial","duration":2799.8856000000014,"failureMessages":[],"meta":{}},{"ancestorTitles":["User Story 1: First-Run Demo"],"fullName":"User Story 1: First-Run Demo verify retrieve proof validates original content","status":"passed","title":"verify retrieve proof validates original content","duration":2608.0930000000008,"failureMessages":[],"meta":{}},{"ancestorTitles":["User Story 1: First-Run Demo"],"fullName":"User Story 1: First-Run Demo verify recent memories are present in recall","status":"passed","title":"verify recent memories are present in recall","duration":2298.7822000000015,"failureMessages":[],"meta":{}},{"ancestorTitles":["User Story 2: Value Report"],"fullName":"User Story 2: Value Report generates value report after demo showing cumulative metrics","status":"passed","title":"generates value report after demo showing cumulative metrics","duration":2297.0038999999997,"failureMessages":[],"meta":{}},{"ancestorTitles":["User Story 2: Value Report"],"fullName":"User Story 2: Value Report value report shows total token saved > 0","status":"passed","title":"value report shows total token saved > 0","duration":2123.2978000000003,"failureMessages":[],"meta":{}},{"ancestorTitles":["User Story 2: Value Report"],"fullName":"User Story 2: Value Report value report shows recoverable originals > 0","status":"passed","title":"value report shows recoverable originals > 0","duration":2105.1817999999985,"failureMessages":[],"meta":{}},{"ancestorTitles":["User Story 2: Value Report"],"fullName":"User Story 2: Value Report value report shows recent memories present","status":"passed","title":"value report shows recent memories present","duration":2187.5552000000025,"failureMessages":[],"meta":{}},{"ancestorTitles":["User Story 3: Project Context"],"fullName":"User Story 3: Project Context creates project memory and verifies it persists","status":"passed","title":"creates project memory and verifies it persists","duration":266.34279999999853,"failureMessages":[],"meta":{}},{"ancestorTitles":["User Story 3: Project Context"],"fullName":"User Story 3: Project Context project memories can be recalled with search","status":"passed","title":"project memories can be recalled with search","duration":262.5047999999988,"failureMessages":[],"meta":{}},{"ancestorTitles":["User Story 3: Project Context"],"fullName":"User Story 3: Project Context verify memory recall returns relevant context","status":"passed","title":"verify memory recall returns relevant context","duration":272.4662000000026,"failureMessages":[],"meta":{}},{"ancestorTitles":["User Story 4: Safety Boundaries"],"fullName":"User Story 4: Safety Boundaries agent mode exposes exactly 7 safe tools","status":"passed","title":"agent mode exposes exactly 7 safe tools","duration":4.7916000000004715,"failureMessages":[],"meta":{}},{"ancestorTitles":["User Story 4: Safety Boundaries"],"fullName":"User Story 4: Safety Boundaries demo/value/resource commands do not call dangerous tools","status":"passed","title":"demo/value/resource commands do not call dangerous tools","duration":2254.274300000001,"failureMessages":[],"meta":{}},{"ancestorTitles":["User Story 4: Safety Boundaries"],"fullName":"User Story 4: Safety Boundaries dangerous tools are hidden in agent mode","status":"passed","title":"dangerous tools are hidden in agent mode","duration":1.5643999999992957,"failureMessages":[],"meta":{}},{"ancestorTitles":["User Story 4: Safety Boundaries"],"fullName":"User Story 4: Safety Boundaries dangerous tools are available in dev mode","status":"passed","title":"dangerous tools are available in dev mode","duration":5.777799999999843,"failureMessages":[],"meta":{}},{"ancestorTitles":["User Story 5: Project Isolation"],"fullName":"User Story 5: Project Isolation memories are scoped to repository","status":"passed","title":"memories are scoped to repository","duration":292.3019000000022,"failureMessages":[],"meta":{}},{"ancestorTitles":["User Story 5: Project Isolation"],"fullName":"User Story 5: Project Isolation compressions are scoped to repository","status":"passed","title":"compressions are scoped to repository","duration":271.1067000000003,"failureMessages":[],"meta":{}},{"ancestorTitles":["User Story 6: Harness Flow Execution"],"fullName":"User Story 6: Harness Flow Execution executes compression flow end-to-end","status":"passed","title":"executes compression flow end-to-end","duration":316.2461000000003,"failureMessages":[],"meta":{}},{"ancestorTitles":["User Story 6: Harness Flow Execution"],"fullName":"User Story 6: Harness Flow Execution executes memory flow end-to-end","status":"passed","title":"executes memory flow end-to-end","duration":289.6854999999996,"failureMessages":[],"meta":{}},{"ancestorTitles":["User Story 6: Harness Flow Execution"],"fullName":"User Story 6: Harness Flow Execution executes full context flow end-to-end","status":"passed","title":"executes full context flow end-to-end","duration":318.25940000000264,"failureMessages":[],"meta":{}}],"startTime":1783478856724,"endTime":1783478883871.2595,"status":"passed","message":"","name":"D:/project/CodeContext/tests/e2e-user-stories.test.ts"},{"assertionResults":[{"ancestorTitles":["Layer A: Import analysis — structural proof"],"fullName":"Layer A: Import analysis — structural proof only runHarnessFlow.ts imports runModule from harness/core/runner","status":"passed","title":"only runHarnessFlow.ts imports runModule from harness/core/runner","duration":10.63650000000007,"failureMessages":[],"meta":{}},{"ancestorTitles":["Layer A: Import analysis — structural proof"],"fullName":"Layer A: Import analysis — structural proof fast tool handlers do not import from harness/core/runner at all","status":"passed","title":"fast tool handlers do not import from harness/core/runner at all","duration":8.620699999999943,"failureMessages":[],"meta":{}},{"ancestorTitles":["Layer A: Import analysis — structural proof"],"fullName":"Layer A: Import analysis — structural proof runHarnessFlow.ts explicitly calls runModule()","status":"passed","title":"runHarnessFlow.ts explicitly calls runModule()","duration":1.1653999999998632,"failureMessages":[],"meta":{}},{"ancestorTitles":["Layer A: Import analysis — structural proof"],"fullName":"Layer A: Import analysis — structural proof executeRun is not imported by any MCP tool handler","status":"passed","title":"executeRun is not imported by any MCP tool handler","duration":15.678899999999885,"failureMessages":[],"meta":{}},{"ancestorTitles":["Layer B: Runtime spy — HarnessRunner not called by fast handlers","fast handler representative: handleCurrentScope"],"fullName":"Layer B: Runtime spy — HarnessRunner not called by fast handlers fast handler representative: handleCurrentScope does NOT call runModule","status":"passed","title":"does NOT call runModule","duration":1115.4262999999996,"failureMessages":[],"meta":{}},{"ancestorTitles":["Layer B: Runtime spy — HarnessRunner not called by fast handlers","fast handler representative: handleRunContextFlow"],"fullName":"Layer B: Runtime spy — HarnessRunner not called by fast handlers fast handler representative: handleRunContextFlow does NOT call runModule (compression flow)","status":"passed","title":"does NOT call runModule (compression flow)","duration":1592.8019000000004,"failureMessages":[],"meta":{}},{"ancestorTitles":["Layer B: Runtime spy — HarnessRunner not called by fast handlers","fast handler representative: handleRunContextFlow"],"fullName":"Layer B: Runtime spy — HarnessRunner not called by fast handlers fast handler representative: handleRunContextFlow does NOT call runModule (memory flow)","status":"passed","title":"does NOT call runModule (memory flow)","duration":789.6549000000005,"failureMessages":[],"meta":{}},{"ancestorTitles":["Layer B: Runtime spy — HarnessRunner not called by fast handlers","fast handler representative: handleRecallContext"],"fullName":"Layer B: Runtime spy — HarnessRunner not called by fast handlers fast handler representative: handleRecallContext does NOT call runModule","status":"passed","title":"does NOT call runModule","duration":816.1112000000003,"failureMessages":[],"meta":{}},{"ancestorTitles":["Layer B: Runtime spy — HarnessRunner not called by fast handlers","fast handler representative: handleListHarnessFlows"],"fullName":"Layer B: Runtime spy — HarnessRunner not called by fast handlers fast handler representative: handleListHarnessFlows does NOT call runModule (ctx-less, reads registry directly)","status":"passed","title":"does NOT call runModule (ctx-less, reads registry directly)","duration":3.8724999999994907,"failureMessages":[],"meta":{}},{"ancestorTitles":["Layer B: Runtime spy — HarnessRunner not called by fast handlers","harness handler: handleRunHarnessFlow"],"fullName":"Layer B: Runtime spy — HarnessRunner not called by fast handlers harness handler: handleRunHarnessFlow DOES call runModule","status":"passed","title":"DOES call runModule","duration":5.409700000000157,"failureMessages":[],"meta":{}},{"ancestorTitles":["Layer B: Runtime spy — HarnessRunner not called by fast handlers","aggregate assertions"],"fullName":"Layer B: Runtime spy — HarnessRunner not called by fast handlers aggregate assertions fast handler calls never increment runModule counter","status":"passed","title":"fast handler calls never increment runModule counter","duration":1398.1697000000004,"failureMessages":[],"meta":{}},{"ancestorTitles":["Layer C: Profile gate × HarnessRunner boundary"],"fullName":"Layer C: Profile gate × HarnessRunner boundary fast tools (CATEGORY) are never in harness profile","status":"passed","title":"fast tools (CATEGORY) are never in harness profile","duration":0.4040000000004511,"failureMessages":[],"meta":{}},{"ancestorTitles":["Layer C: Profile gate × HarnessRunner boundary"],"fullName":"Layer C: Profile gate × HarnessRunner boundary harness tools (CATEGORY) are never in agent or full profile","status":"passed","title":"harness tools (CATEGORY) are never in agent or full profile","duration":0.45490000000063446,"failureMessages":[],"meta":{}},{"ancestorTitles":["Layer C: Profile gate × HarnessRunner boundary"],"fullName":"Layer C: Profile gate × HarnessRunner boundary FAST_TOOLS ∩ HARNESS_TOOLS = ∅","status":"passed","title":"FAST_TOOLS ∩ HARNESS_TOOLS = ∅","duration":0.29939999999987776,"failureMessages":[],"meta":{}},{"ancestorTitles":["Layer C: Profile gate × HarnessRunner boundary"],"fullName":"Layer C: Profile gate × HarnessRunner boundary all tools are either fast or harness (complete partition)","status":"passed","title":"all tools are either fast or harness (complete partition)","duration":0.31379999999990105,"failureMessages":[],"meta":{}},{"ancestorTitles":["Layer C: Profile gate × HarnessRunner boundary"],"fullName":"Layer C: Profile gate × HarnessRunner boundary fixture: fast-tools-must-not-use-harness.json matches categories","status":"passed","title":"fixture: fast-tools-must-not-use-harness.json matches categories","duration":1.3832999999995081,"failureMessages":[],"meta":{}},{"ancestorTitles":["Layer C: Profile gate × HarnessRunner boundary"],"fullName":"Layer C: Profile gate × HarnessRunner boundary fixture: harness-tools-may-use-harness.json matches categories","status":"passed","title":"fixture: harness-tools-may-use-harness.json matches categories","duration":0.967000000000553,"failureMessages":[],"meta":{}},{"ancestorTitles":["Layer D: Permission matrix validation"],"fullName":"Layer D: Permission matrix validation fixture has at least 6 permission entries","status":"passed","title":"fixture has at least 6 permission entries","duration":0.33549999999922875,"failureMessages":[],"meta":{}},{"ancestorTitles":["Layer D: Permission matrix validation"],"fullName":"Layer D: Permission matrix validation each permission entry matches profile gate implementation","status":"passed","title":"each permission entry matches profile gate implementation","duration":0.4857000000010885,"failureMessages":[],"meta":{}},{"ancestorTitles":["Layer D: Permission matrix validation"],"fullName":"Layer D: Permission matrix validation codegraph_harness_run: NOT allowed in agent","status":"passed","title":"codegraph_harness_run: NOT allowed in agent","duration":0.5394999999989523,"failureMessages":[],"meta":{}},{"ancestorTitles":["Layer D: Permission matrix validation"],"fullName":"Layer D: Permission matrix validation codegraph_harness_run: NOT allowed in full","status":"passed","title":"codegraph_harness_run: NOT allowed in full","duration":0.3576000000011845,"failureMessages":[],"meta":{}},{"ancestorTitles":["Layer D: Permission matrix validation"],"fullName":"Layer D: Permission matrix validation codegraph_harness_run: allowed in harness","status":"passed","title":"codegraph_harness_run: allowed in harness","duration":0.21010000000023865,"failureMessages":[],"meta":{}},{"ancestorTitles":["Layer D: Permission matrix validation"],"fullName":"Layer D: Permission matrix validation codegraph_harness_run: allowed in debug","status":"passed","title":"codegraph_harness_run: allowed in debug","duration":0.20449999999982538,"failureMessages":[],"meta":{}},{"ancestorTitles":["Layer D: Permission matrix validation"],"fullName":"Layer D: Permission matrix validation codegraph_find: allowed in agent","status":"passed","title":"codegraph_find: allowed in agent","duration":0.19639999999890279,"failureMessages":[],"meta":{}},{"ancestorTitles":["Layer D: Permission matrix validation"],"fullName":"Layer D: Permission matrix validation codegraph_find: allowed in full","status":"passed","title":"codegraph_find: allowed in full","duration":0.2422999999998865,"failureMessages":[],"meta":{}},{"ancestorTitles":["Layer E: CodeContext tool registry boundary"],"fullName":"Layer E: CodeContext tool registry boundary createToolHandlers creates handler for run_harness_flow","status":"passed","title":"createToolHandlers creates handler for run_harness_flow","duration":56.62589999999909,"failureMessages":[],"meta":{}},{"ancestorTitles":["Layer E: CodeContext tool registry boundary"],"fullName":"Layer E: CodeContext tool registry boundary 17 non-harness tools are fast path (no runner import in source)","status":"passed","title":"17 non-harness tools are fast path (no runner import in source)","duration":1.2229000000006636,"failureMessages":[],"meta":{}},{"ancestorTitles":["Layer F: Fixture integrity"],"fullName":"Layer F: Fixture integrity all 3 fixture files exist and are valid JSON","status":"passed","title":"all 3 fixture files exist and are valid JSON","duration":1.4787999999989552,"failureMessages":[],"meta":{}}],"startTime":1783478856253,"endTime":1783478862486.4788,"status":"passed","message":"","name":"D:/project/CodeContext/tests/fastPathNoHarness.test.ts"},{"assertionResults":[{"ancestorTitles":["Tool Definitions Structure"],"fullName":"Tool Definitions Structure has exactly 18 tools","status":"passed","title":"has exactly 18 tools","duration":3.1456000000000586,"failureMessages":[],"meta":{}},{"ancestorTitles":["Tool Definitions Structure"],"fullName":"Tool Definitions Structure has all expected tools","status":"passed","title":"has all expected tools","duration":2.56880000000001,"failureMessages":[],"meta":{}},{"ancestorTitles":["Tool Definitions Structure"],"fullName":"Tool Definitions Structure has no duplicate tool names","status":"passed","title":"has no duplicate tool names","duration":0.49490000000014334,"failureMessages":[],"meta":{}},{"ancestorTitles":["Tool Definitions Structure"],"fullName":"Tool Definitions Structure every tool has name, description, inputSchema","status":"passed","title":"every tool has name, description, inputSchema","duration":2.468599999999924,"failureMessages":[],"meta":{}},{"ancestorTitles":["Input Schema Validation"],"fullName":"Input Schema Validation every inputSchema has type: 'object'","status":"passed","title":"every inputSchema has type: 'object'","duration":0.6299000000001342,"failureMessages":[],"meta":{}},{"ancestorTitles":["Input Schema Validation"],"fullName":"Input Schema Validation every inputSchema has a properties object","status":"passed","title":"every inputSchema has a properties object","duration":1.3351000000000113,"failureMessages":[],"meta":{}},{"ancestorTitles":["Input Schema Validation"],"fullName":"Input Schema Validation every property has a valid type field","status":"passed","title":"every property has a valid type field","duration":3.0732000000000426,"failureMessages":[],"meta":{}},{"ancestorTitles":["Input Schema Validation"],"fullName":"Input Schema Validation every property has a description","status":"passed","title":"every property has a description","duration":6.945100000000139,"failureMessages":[],"meta":{}},{"ancestorTitles":["Input Schema Validation"],"fullName":"Input Schema Validation array properties have items defined","status":"passed","title":"array properties have items defined","duration":0.8695000000000164,"failureMessages":[],"meta":{}},{"ancestorTitles":["Required Fields"],"fullName":"Required Fields all required fields exist in properties","status":"passed","title":"all required fields exist in properties","duration":1.6520000000000437,"failureMessages":[],"meta":{}},{"ancestorTitles":["Required Fields"],"fullName":"Required Fields per-tool required field verification","status":"passed","title":"per-tool required field verification","duration":1.4021000000000186,"failureMessages":[],"meta":{}},{"ancestorTitles":["TOOL_MAP"],"fullName":"TOOL_MAP has entries for all tools","status":"passed","title":"has entries for all tools","duration":0.4332000000001699,"failureMessages":[],"meta":{}},{"ancestorTitles":["TOOL_MAP"],"fullName":"TOOL_MAP maps to the correct tool definition","status":"passed","title":"maps to the correct tool definition","duration":0.5113999999998668,"failureMessages":[],"meta":{}},{"ancestorTitles":["Tool-Specific Schema Checks","compress_context"],"fullName":"Tool-Specific Schema Checks compress_context has content property (required)","status":"passed","title":"has content property (required)","duration":0.2235000000000582,"failureMessages":[],"meta":{}},{"ancestorTitles":["Tool-Specific Schema Checks","compress_context"],"fullName":"Tool-Specific Schema Checks compress_context has optional boolean fields","status":"passed","title":"has optional boolean fields","duration":0.17360000000007858,"failureMessages":[],"meta":{}},{"ancestorTitles":["Tool-Specific Schema Checks","compress_context"],"fullName":"Tool-Specific Schema Checks compress_context has optional number fields","status":"passed","title":"has optional number fields","duration":0.3164999999999054,"failureMessages":[],"meta":{}},{"ancestorTitles":["Tool-Specific Schema Checks","compress_context"],"fullName":"Tool-Specific Schema Checks compress_context has optional metadata field (object)","status":"passed","title":"has optional metadata field (object)","duration":0.5092000000001917,"failureMessages":[],"meta":{}},{"ancestorTitles":["Tool-Specific Schema Checks","current_scope"],"fullName":"Tool-Specific Schema Checks current_scope has optional cwd property","status":"passed","title":"has optional cwd property","duration":0.20910000000003492,"failureMessages":[],"meta":{}},{"ancestorTitles":["Tool-Specific Schema Checks","current_scope"],"fullName":"Tool-Specific Schema Checks current_scope has no required fields","status":"passed","title":"has no required fields","duration":0.29470000000014807,"failureMessages":[],"meta":{}},{"ancestorTitles":["Tool-Specific Schema Checks","retrieve_original"],"fullName":"Tool-Specific Schema Checks retrieve_original has required scopeId and originalRef","status":"passed","title":"has required scopeId and originalRef","duration":0.3141000000000531,"failureMessages":[],"meta":{}},{"ancestorTitles":["Tool-Specific Schema Checks","retrieve_original"],"fullName":"Tool-Specific Schema Checks retrieve_original has pagination fields (offset/limit as numbers)","status":"passed","title":"has pagination fields (offset/limit as numbers)","duration":0.1777999999999338,"failureMessages":[],"meta":{}},{"ancestorTitles":["Tool-Specific Schema Checks","remember_context"],"fullName":"Tool-Specific Schema Checks remember_context requires type and content","status":"passed","title":"requires type and content","duration":0.41660000000001673,"failureMessages":[],"meta":{}},{"ancestorTitles":["Tool-Specific Schema Checks","remember_context"],"fullName":"Tool-Specific Schema Checks remember_context has tags as array of strings","status":"passed","title":"has tags as array of strings","duration":0.28739999999993415,"failureMessages":[],"meta":{}},{"ancestorTitles":["Tool-Specific Schema Checks","remember_context"],"fullName":"Tool-Specific Schema Checks remember_context has confidence as number","status":"passed","title":"has confidence as number","duration":0.19279999999980646,"failureMessages":[],"meta":{}},{"ancestorTitles":["Tool-Specific Schema Checks","remember_context"],"fullName":"Tool-Specific Schema Checks remember_context has optional profile-related fields","status":"passed","title":"has optional profile-related fields","duration":0.27749999999991815,"failureMessages":[],"meta":{}},{"ancestorTitles":["Tool-Specific Schema Checks","recall_context"],"fullName":"Tool-Specific Schema Checks recall_context requires query only","status":"passed","title":"requires query only","duration":0.3287000000000262,"failureMessages":[],"meta":{}},{"ancestorTitles":["Tool-Specific Schema Checks","recall_context"],"fullName":"Tool-Specific Schema Checks recall_context has types and status as array of strings","status":"passed","title":"has types and status as array of strings","duration":0.19830000000001746,"failureMessages":[],"meta":{}},{"ancestorTitles":["Tool-Specific Schema Checks","recall_context"],"fullName":"Tool-Specific Schema Checks recall_context has boolean flags for profile control","status":"passed","title":"has boolean flags for profile control","duration":0.18229999999994106,"failureMessages":[],"meta":{}},{"ancestorTitles":["Tool-Specific Schema Checks","forget_context"],"fullName":"Tool-Specific Schema Checks forget_context requires id and mode","status":"passed","title":"requires id and mode","duration":0.4477999999999156,"failureMessages":[],"meta":{}},{"ancestorTitles":["Tool-Specific Schema Checks","forget_context"],"fullName":"Tool-Specific Schema
[...]
,"status":"passed","title":"\"test_failure: session logout cookie\" — recall@1","duration":1.769900000000007,"failureMessages":[],"meta":{}},{"ancestorTitles":["Quality Gate — Recall@1"],"fullName":"Quality Gate — Recall@1 \"test_failure: avatar CDN URL\" — recall@1","status":"passed","title":"\"test_failure: avatar CDN URL\" — recall@1","duration":1.4356000000000222,"failureMessages":[],"meta":{}},{"ancestorTitles":["Quality Gate — Recall@1"],"fullName":"Quality Gate — Recall@1 \"test_failure: E2E checkout timeout\" — recall@1","status":"passed","title":"\"test_failure: E2E checkout timeout\" — recall@1","duration":2.070299999999861,"failureMessages":[],"meta":{}},{"ancestorTitles":["Quality Gate — Recall@1"],"fullName":"Quality Gate — Recall@1 \"test_failure: bulk discount calculation\" — recall@1","status":"passed","title":"\"test_failure: bulk discount calculation\" — recall@1","duration":2.5075999999999112,"failureMessages":[],"meta":{}},{"ancestorTitles":["Quality Gate — Recall@1"],"fullName":"Quality Gate — Recall@1 Recall@1 aggregate","status":"passed","title":"Recall@1 aggregate","duration":2.8475999999998294,"failureMessages":[],"meta":{}},{"ancestorTitles":["Quality Gate — Recall@3"],"fullName":"Quality Gate — Recall@3 \"broad: package manager\" — recall@3","status":"passed","title":"\"broad: package manager\" — recall@3","duration":1.9268000000001848,"failureMessages":[],"meta":{}},{"ancestorTitles":["Quality Gate — Recall@3"],"fullName":"Quality Gate — Recall@3 \"broad: routing decision\" — recall@3","status":"passed","title":"\"broad: routing decision\" — recall@3","duration":2.434900000000198,"failureMessages":[],"meta":{}},{"ancestorTitles":["Quality Gate — Recall@3"],"fullName":"Quality Gate — Recall@3 \"broad: memory leaks\" — recall@3","status":"passed","title":"\"broad: memory leaks\" — recall@3","duration":2.7049999999999272,"failureMessages":[],"meta":{}},{"ancestorTitles":["Quality Gate — Recall@3"],"fullName":"Quality Gate — Recall@3 \"broad: test framework\" — recall@3","status":"passed","title":"\"broad: test framework\" — recall@3","duration":1.5705999999997857,"failureMessages":[],"meta":{}},{"ancestorTitles":["Quality Gate — Recall@3"],"fullName":"Quality Gate — Recall@3 \"broad: backend refactor\" — recall@3","status":"passed","title":"\"broad: backend refactor\" — recall@3","duration":1.4643999999998414,"failureMessages":[],"meta":{}},{"ancestorTitles":["Quality Gate — Recall@3"],"fullName":"Quality Gate — Recall@3 \"broad: auth test failure\" — recall@3","status":"passed","title":"\"broad: auth test failure\" — recall@3","duration":1.5438999999996668,"failureMessages":[],"meta":{}},{"ancestorTitles":["Quality Gate — Recall@3"],"fullName":"Quality Gate — Recall@3 \"broad: TS config rules\" — recall@3","status":"passed","title":"\"broad: TS config rules\" — recall@3","duration":1.659400000000005,"failureMessages":[],"meta":{}},{"ancestorTitles":["Quality Gate — Recall@3"],"fullName":"Quality Gate — Recall@3 \"broad: schema validation\" — recall@3","status":"passed","title":"\"broad: schema validation\" — recall@3","duration":1.6307999999999083,"failureMessages":[],"meta":{}},{"ancestorTitles":["Quality Gate — Recall@3"],"fullName":"Quality Gate — Recall@3 \"broad: storage architecture\" — recall@3","status":"passed","title":"\"broad: storage architecture\" — recall@3","duration":1.3847999999998137,"failureMessages":[],"meta":{}},{"ancestorTitles":["Quality Gate — Recall@3"],"fullName":"Quality Gate — Recall@3 \"broad: pricing test failure\" — recall@3","status":"passed","title":"\"broad: pricing test failure\" — recall@3","duration":1.354200000000219,"failureMessages":[],"meta":{}},{"ancestorTitles":["Quality Gate — Recall@3"],"fullName":"Quality Gate — Recall@3 Recall@3 aggregate","status":"passed","title":"Recall@3 aggregate","duration":0.6518000000000939,"failureMessages":[],"meta":{}},{"ancestorTitles":["Quality Gate — False Recall Rate"],"fullName":"Quality Gate — False Recall Rate \"GraphQL (not in scope)\" — should return empty","status":"passed","title":"\"GraphQL (not in scope)\" — should return empty","duration":1.633299999999963,"failureMessages":[],"meta":{}},{"ancestorTitles":["Quality Gate — False Recall Rate"],"fullName":"Quality Gate — False Recall Rate \"gRPC (not in scope)\" — should return empty","status":"passed","title":"\"gRPC (not in scope)\" — should return empty","duration":1.0992999999998574,"failureMessages":[],"meta":{}},{"ancestorTitles":["Quality Gate — False Recall Rate"],"fullName":"Quality Gate — False Recall Rate \"SolidJS (not in scope)\" — should return empty","status":"passed","title":"\"SolidJS (not in scope)\" — should return empty","duration":0.7658000000001266,"failureMessages":[],"meta":{}},{"ancestorTitles":["Quality Gate — False Recall Rate"],"fullName":"Quality Gate — False Recall Rate \"RabbitMQ (not in scope)\" — should return empty","status":"passed","title":"\"RabbitMQ (not in scope)\" — should return empty","duration":0.6733000000003813,"failureMessages":[],"meta":{}},{"ancestorTitles":["Quality Gate — False Recall Rate"],"fullName":"Quality Gate — False Recall Rate \"Terraform (not in scope)\" — should return empty","status":"passed","title":"\"Terraform (not in scope)\" — should return empty","duration":1.1136999999998807,"failureMessages":[],"meta":{}},{"ancestorTitles":["Quality Gate — False Recall Rate"],"fullName":"Quality Gate — False Recall Rate False recall aggregate","status":"passed","title":"False recall aggregate","duration":0.5131999999998698,"failureMessages":[],"meta":{}},{"ancestorTitles":["Quality Gate — Cross-Scope Leakage"],"fullName":"Quality Gate — Cross-Scope Leakage \"Scope B: npm workspaces (should NOT leak to A)\" — zero cross-scope hits","status":"passed","title":"\"Scope B: npm workspaces (should NOT leak to A)\" — zero cross-scope hits","duration":1.5031999999996515,"failureMessages":[],"meta":{}},{"ancestorTitles":["Quality Gate — Cross-Scope Leakage"],"fullName":"Quality Gate — Cross-Scope Leakage \"Scope B: Vue 3 (should NOT leak to A)\" — zero cross-scope hits","status":"passed","title":"\"Scope B: Vue 3 (should NOT leak to A)\" — zero cross-scope hits","duration":2.102600000000166,"failureMessages":[],"meta":{}},{"ancestorTitles":["Quality Gate — Cross-Scope Leakage"],"fullName":"Quality Gate — Cross-Scope Leakage \"Scope B: Nuxt 3 (should NOT leak to A)\" — zero cross-scope hits","status":"passed","title":"\"Scope B: Nuxt 3 (should NOT leak to A)\" — zero cross-scope hits","duration":2.24980000000005,"failureMessages":[],"meta":{}},{"ancestorTitles":["Quality Gate — Cross-Scope Leakage"],"fullName":"Quality Gate — Cross-Scope Leakage \"Scope B: Jest (should NOT leak to A)\" — zero cross-scope hits","status":"passed","title":"\"Scope B: Jest (should NOT leak to A)\" — zero cross-scope hits","duration":2.0437999999999192,"failureMessages":[],"meta":{}},{"ancestorTitles":["Quality Gate — Cross-Scope Leakage"],"fullName":"Quality Gate — Cross-Scope Leakage \"Scope B: Vite HMR bug (should NOT leak to A)\" — zero cross-scope hits","status":"passed","title":"\"Scope B: Vite HMR bug (should NOT leak to A)\" — zero cross-scope hits","duration":1.5329999999999018,"failureMessages":[],"meta":{}},{"ancestorTitles":["Quality Gate — Cross-Scope Leakage"],"fullName":"Quality Gate — Cross-Scope Leakage Cross-scope aggregate","status":"passed","title":"Cross-scope aggregate","duration":0.6885000000002037,"failureMessages":[],"meta":{}},{"ancestorTitles":["Quality Gate — Non-Active Memory Leakage"],"fullName":"Quality Gate — Non-Active Memory Leakage \"superseded: old npm rule (should NOT appear)\" — zero non-active hits","status":"passed","title":"\"superseded: old npm rule (should NOT appear)\" — zero non-active hits","duration":1.1498000000001412,"failureMessages":[],"meta":{}},{"ancestorTitles":["Quality Gate — Non-Active Memory Leakage"],"fullName":"Quality Gate — Non-Active Memory Leakage \"superseded: old React Router v5 (should NOT appear)\" — zero non-active hits","status":"passed","title":"\"superseded: old React Router v5 (should NOT appear)\" — zero non-active hits","duration":2.044600000000173,"failureMessages":[],"meta":{}},{"ancestorTitles":["Quality Gate — Non-Active Memory Leakage"],"fullName":"Quality Gate — Non-Active Memory Leakage \"forgotten: registration flow (should NOT appear)\" — zero non-active hits","status":"passed","title":"\"forgotten: registration flow (should NOT appear)\" — zero non-active hits","duration":1.4788000000003194,"failureMessages":[],"meta":{}},{"ancestorTitles":["Quality Gate — Non-Active Memory Leakage"],"fullName":"Quality Gate — Non-Active Memory Leakage \"forgotten: console spam bug (should NOT appear)\" — zero non-active hits","status":"passed","title":"\"forgotten: console spam bug (should NOT appear)\" — zero non-active hits","duration":1.3618999999998778,"failureMessages":[],"meta":{}},{"ancestorTitles":["Quality Gate — Non-Active Memory Leakage"],"fullName":"Quality Gate — Non-Active Memory Leakage \"expired: webpack dependency (should NOT appear)\" — zero non-active hits","status":"passed","title":"\"expired: webpack dependency (should NOT appear)\" — zero non-active hits","duration":1.41150000000016,"failureMessages":[],"meta":{}},{"ancestorTitles":["Quality Gate — Non-Active Memory Leakage"],"fullName":"Quality Gate — Non-Active Memory Leakage broad scan: no non-active memories leak into default recall","status":"passed","title":"broad scan: no non-active memories leak into default recall","duration":9.483699999999772,"failureMessages":[],"meta":{}},{"ancestorTitles":["Quality Gate — Non-Active Memory Leakage"],"fullName":"Quality Gate — Non-Active Memory Leakage Non-active leakage aggregate","status":"passed","title":"Non-active leakage aggregate","duration":0.5382000000004155,"failureMessages":[],"meta":{}},{"ancestorTitles":["Quality Gate — Duplicate Result IDs"],"fullName":"Quality Gate — Duplicate Result IDs no duplicate memory IDs in any result set","status":"passed","title":"no duplicate memory IDs in any result set","duration":37.78780000000006,"failureMessages":[],"meta":{}},{"ancestorTitles":["Quality Gate — Overall Verdict"],"fullName":"Quality Gate — Overall Verdict all thresholds pass","status":"passed","title":"all thresholds pass","duration":1.0137999999997191,"failureMessages":[],"meta":{}}],"startTime":1783478853296,"endTime":1783478853438.014,"status":"passed","message":"","name":"D:/project/CodeContext/tests/quality/recallQualityGate.test.ts"},{"assertionResults":[{"ancestorTitles":["promptHandlers","listPrompts"],"fullName":"promptHandlers listPrompts should return project_context_brief prompt","status":"passed","title":"should return project_context_brief prompt","duration":113.1902,"failureMessages":[],"meta":{}},{"ancestorTitles":["promptHandlers","getPrompt"],"fullName":"promptHandlers getPrompt should return project_context_brief with formatted text under 800 tokens","status":"passed","title":"should return project_context_brief with formatted text under 800 tokens","duration":1852.2571,"failureMessages":[],"meta":{}},{"ancestorTitles":["promptHandlers","getPrompt"],"fullName":"promptHandlers getPrompt should handle empty project gracefully","status":"passed","title":"should handle empty project gracefully","duration":736.0283,"failureMessages":[],"meta":{}},{"ancestorTitles":["promptHandlers","getPrompt"],"fullName":"promptHandlers getPrompt should throw error for unknown prompt","status":"passed","title":"should throw error for unknown prompt","duration":13.716499999999996,"failureMessages":[],"meta":{}},{"ancestorTitles":["promptHandlers","getPrompt"],"fullName":"promptHandlers getPrompt should only show agent-mode tools in project_context_brief (7 tools)","status":"passed","title":"should only show agent-mode tools in project_context_brief (7 tools)","duration":836.9243000000001,"failureMessages":[],"meta":{}}],"startTime":1783478858077,"endTime":1783478861629.9243,"status":"passed","message":"","name":"D:/project/CodeContext/tests/mcp/promptHandlers.test.ts"},{"assertionResults":[{"ancestorTitles":["resourceHandlers","listResources"],"fullName":"resourceHandlers listResources should return project-profile and project-stats resources","status":"passed","title":"should return project-profile and project-stats resources","duration":106.39419999999996,"failureMessages":[],"meta":{}},{"ancestorTitles":["resourceHandlers","readResource"],"fullName":"resourceHandlers readResource should return project-profile resource with enhanced structure","status":"passed","title":"should return project-profile resource with enhanced structure","duration":2075.2523,"failureMessages":[],"meta":{}},{"ancestorTitles":["resourceHandlers","readResource"],"fullName":"resourceHandlers readResource should return project-stats resource with summary counts","status":"passed","title":"should return project-stats resource with summary counts","duration":1569.9701,"failureMessages":[],"meta":{}},{"ancestorTitles":["resourceHandlers","readResource"],"fullName":"resourceHandlers readResource should handle empty project gracefully","status":"passed","title":"should handle empty project gracefully","duration":829.5129999999999,"failureMessages":[],"meta":{}},{"ancestorTitles":["resourceHandlers","readResource"],"fullName":"resourceHandlers readResource should limit stableProjectRules to 5 items","status":"passed","title":"should limit stableProjectRules to 5 items","duration":1432.2779,"failureMessages":[],"meta":{}},{"ancestorTitles":["resourceHandlers","readResource"],"fullName":"resourceHandlers readResource should limit recentActivity to 3 items","status":"passed","title":"should limit recentActivity to 3 items","duration":947.2185,"failureMessages":[],"meta":{}},{"ancestorTitles":["resourceHandlers","readResource"],"fullName":"resourceHandlers readResource should show accurate active memory count","status":"passed","title":"should show accurate active memory count","duration":783.5517999999993,"failureMessages":[],"meta":{}},{"ancestorTitles":["resourceHandlers","readResource"],"fullName":"resourceHandlers readResource should throw error for unknown resource URI","status":"passed","title":"should throw error for unknown resource URI","duration":10.696099999999205,"failureMessages":[],"meta":{}},{"ancestorTitles":["resourceHandlers","readResource"],"fullName":"resourceHandlers readResource should only show agent-mode tools in project-profile (7 tools)","status":"passed","title":"should only show agent-mode tools in project-profile (7 tools)","duration":384.8835999999992,"failureMessages":[],"meta":{}}],"startTime":1783478856770,"endTime":1783478864910.8835,"status":"passed","message":"","name":"D:/project/CodeContext/tests/mcp/resourceHandlers.test.ts"},{"assertionResults":[{"ancestorTitles":["MCP Server Integration — Resources and Prompts","Resource Discovery"],"fullName":"MCP Server Integration — Resources and Prompts Resource Discovery should list 2 resources without needing tool calls","status":"passed","title":"should list 2 resources without needing tool calls","duration":121.61920000000009,"failureMessages":[],"meta":{}},{"ancestorTitles":["MCP Server Integration — Resources and Prompts","Resource Discovery"],"fullName":"MCP Server Integration — Resources and Prompts Resource Discovery should read project-profile resource without agent tool call","status":"failed","title":"should read project-profile resource without agent tool call","duration":1676.4487000000001,"failureMessages":["TypeError: Cannot read properties of undefined (reading 'scopeId')\n    at D:\\project\\CodeContext\\tests\\mcp\\serverIntegration.test.ts:53:35\n    at file:///D:/project/CodeContext/node_modules/.pnpm/@vitest+runner@2.1.9/node_modules/@vitest/runner/dist/index.js:146:14\n    at file:///D:/project/CodeContext/node_modules/.pnpm/@vitest+runner@2.1.9/node_modules/@vitest/runner/dist/index.js:533:11\n    at runWithTimeout (file:///D:/project/CodeContext/node_modules/.pnpm/@vitest+runner@2.1.9/node_modules/@vitest/runner/dist/index.js:39:7)\n    at runTest (file:///D:/project/CodeContext/node_modules/.pnpm/@vitest+runner@2.1.9/node_modules/@vitest/runner/dist/index.js:1056:17)\n    at runSuite (file:///D:/project/CodeContext/node_modules/.pnpm/@vitest+runner@2.1.9/node_modules/@vitest/runner/dist/index.js:1205:15)\n    at runSuite (file:///D:/project/CodeContext/node_modules/.pnpm/@vitest+runner@2.1.9/node_modules/@vitest/runner/dist/index.js:1205:15)\n    at runSuite (file:///D:/project/CodeContext/node_modules/.pnpm/@vitest+runner@2.1.9/node_modules/@vitest/runner/dist/index.js:1205:15)\n    at runFiles (file:///D:/project/CodeContext/node_modules/.pnpm/@vitest+runner@2.1.9/node_modules/@vitest/runner/dist/index.js:1262:5)\n    at startTests (file:///D:/project/CodeContext/node_modules/.pnpm/@vitest+runner@2.1.9/node_modules/@vitest/runner/dist/index.js:1271:3)"],"meta":{}},{"ancestorTitles":["MCP Server Integration — Resources and Prompts","Resource Discovery"],"fullName":"MCP Server Integration — Resources and Prompts Resource Discovery should read project-stats resource without agent tool call","status":"passed","title":"should read project-stats resource without agent tool call","duration":884.1677,"failureMessages":[],"meta":{}},{"ancestorTitles":["MCP Server Integration — Resources and Prompts","Prompt Discovery"],"fullName":"MCP Server Integration — Resources and Prompts Prompt Discovery should list 1 prompt without needing tool calls","status":"passed","title":"should list 1 prompt without needing tool calls","duration":12.44360000000006,"failureMessages":[],"meta":{}},{"ancestorTitles":["MCP Server Integration — Resources and Prompts","Prompt Discovery"],"fullName":"MCP Server Integration — Resources and Prompts Prompt Discovery should get project_context_brief prompt without agent tool call","status":"failed","title":"should get project_context_brief prompt without agent tool call","duration":1566.7918000000004,"failureMessages":["AssertionError: expected '# CodeContext Project Brief\\n\\n## Cur…' to contain 'repo_ce1c6bc9'\n    at D:\\project\\CodeContext\\tests\\mcp\\serverIntegration.test.ts:100:20\n    at file:///D:/project/CodeContext/node_modules/.pnpm/@vitest+runner@2.1.9/node_modules/@vitest/runner/dist/index.js:146:14\n    at file:///D:/project/CodeContext/node_modules/.pnpm/@vitest+runner@2.1.9/node_modules/@vitest/runner/dist/index.js:533:11\n    at runWithTimeout (file:///D:/project/CodeContext/node_modules/.pnpm/@vitest+runner@2.1.9/node_modules/@vitest/runner/dist/index.js:39:7)\n    at runTest (file:///D:/project/CodeContext/node_modules/.pnpm/@vitest+runner@2.1.9/node_modules/@vitest/runner/dist/index.js:1056:17)\n    at runSuite (file:///D:/project/CodeContext/node_modules/.pnpm/@vitest+runner@2.1.9/node_modules/@vitest/runner/dist/index.js:1205:15)\n    at runSuite (file:///D:/project/CodeContext/node_modules/.pnpm/@vitest+runner@2.1.9/node_modules/@vitest/runner/dist/index.js:1205:15)\n    at runSuite (file:///D:/project/CodeContext/node_modules/.pnpm/@vitest+runner@2.1.9/node_modules/@vitest/runner/dist/index.js:1205:15)\n    at runFiles (file:///D:/project/CodeContext/node_modules/.pnpm/@vitest+runner@2.1.9/node_modules/@vitest/runner/dist/index.js:1262:5)\n    at startTests (file:///D:/project/CodeContext/node_modules/.pnpm/@vitest+runner@2.1.9/node_modules/@vitest/runner/dist/index.js:1271:3)"],"meta":{}},{"ancestorTitles":["MCP Server Integration — Resources and Prompts","Fast Path — No Tool Mode Impact"],"fullName":"MCP Server Integration — Resources and Prompts Fast Path — No Tool Mode Impact resources and prompts work independently of tool mode","status":"passed","title":"resources and prompts work independently of tool mode","duration":14.610799999999472,"failureMessages":[],"meta":{}}],"startTime":1783478858368,"endTime":1783478862645.6108,"status":"failed","message":"","name":"D:/project/CodeContext/tests/mcp/serverIntegration.test.ts"}]}
